<?xml version="1.0" encoding="UTF-8"?>
<!-- Generated by org.testng.reporters.JUnitReportReporter -->
<testsuite hostname="Luffy" failures="0" tests="2" name="testRunner.CucumberTestRunnerForTags" time="0.056" errors="0" timestamp="2024-07-07T12:30:03 IST" skipped="0">
  <testcase classname="testRunner.CucumberTestRunnerForTags" name="runScenario" time="0.053"/>
  <testcase classname="testRunner.CucumberTestRunnerForTags" name="runScenario" time="0.003"/>
</testsuite> <!-- testRunner.CucumberTestRunnerForTags -->
