<?xml version="1.0" encoding="UTF-8"?>
<!-- Generated by org.testng.reporters.JUnitReportReporter -->
<testsuite hostname="Luffy" failures="0" tests="1" name="testRunner.CucumberTestRunner" time="0.064" errors="0" timestamp="2024-07-07T12:50:51 IST" skipped="0">
  <testcase classname="testRunner.CucumberTestRunner" name="runScenario" time="0.064"/>
</testsuite> <!-- testRunner.CucumberTestRunner -->
